  main.c
C:\Users\analyst\source\repos\ClassicalDLLInjects\ClassicalDLLInjects\main.c(16,9): warning C4477: 'printf' : format string '%d' requires an argument of type 'int', but variadic argument 1 has type 'SIZE_T'
C:\Users\analyst\source\repos\ClassicalDLLInjects\ClassicalDLLInjects\main.c(16,9): message : consider using '%lld' in the format string
C:\Users\analyst\source\repos\ClassicalDLLInjects\ClassicalDLLInjects\main.c(16,9): message : consider using '%Id' in the format string
C:\Users\analyst\source\repos\ClassicalDLLInjects\ClassicalDLLInjects\main.c(16,9): message : consider using '%I64d' in the format string
C:\Users\analyst\source\repos\ClassicalDLLInjects\ClassicalDLLInjects\main.c(20,41): warning C4244: 'function': conversion from 'SIZE_T' to 'DWORD', possible loss of data
C:\Users\analyst\source\repos\ClassicalDLLInjects\ClassicalDLLInjects\main.c(24,9): warning C4477: 'printf' : format string '%ws' requires an argument of type 'unsigned short *', but variadic argument 1 has type 'char *'
C:\Users\analyst\source\repos\ClassicalDLLInjects\ClassicalDLLInjects\main.c(24,9): message : consider using '%hs' in the format string
C:\Users\analyst\source\repos\ClassicalDLLInjects\ClassicalDLLInjects\main.c(24,9): message : consider using '%s' in the format string
C:\Users\analyst\source\repos\ClassicalDLLInjects\ClassicalDLLInjects\main.c(24,9): message : consider using '%Ts' in the format string
C:\Users\analyst\source\repos\ClassicalDLLInjects\ClassicalDLLInjects\main.c(35,9): warning C4477: 'printf' : format string '%d' requires an argument of type 'int', but variadic argument 2 has type 'SIZE_T'
C:\Users\analyst\source\repos\ClassicalDLLInjects\ClassicalDLLInjects\main.c(35,9): message : consider using '%lld' in the format string
C:\Users\analyst\source\repos\ClassicalDLLInjects\ClassicalDLLInjects\main.c(35,9): message : consider using '%Id' in the format string
C:\Users\analyst\source\repos\ClassicalDLLInjects\ClassicalDLLInjects\main.c(35,9): message : consider using '%I64d' in the format string
  Generating code
  2 of 5 functions (40.0%) were compiled, the rest were copied from previous compilation.
    0 functions were new in current compilation
    0 functions had inline decision re-evaluated but remain unchanged
  Finished generating code
  ClassicalDLLInjects.vcxproj -> C:\Users\analyst\source\repos\ClassicalDLLInjects\x64\Release\ClassicalDLLInjects.exe
